<?xml version="1.0" encoding="UTF-8"?>
<!-- Generated by org.testng.reporters.JUnitReportReporter -->
<testsuite hostname="DESKTOP-RBRFOA2" failures="0" tests="1" name="MyTestCase" time="0.279" errors="0" timestamp="2024-03-03T03:18:23 TRT" skipped="0">
  <testcase classname="MyTestCase" name="Login" time="0.279"/>
  <system-out/>
</testsuite> <!-- MyTestCase -->
